SV600200000001000,身文族期本具军,Henan,
SV600200000001001,角工还系准建,Henan,
SV600200000001002,质路感更是亲,Shandong,
SV600200000001003,信书必风事,Shandong,
SV600200000001004,极前委下须复声海,Henan,
SV600200000001005,温值那最之装点就科,Henan,
SV600200000001006,机确报采点只主院,Jiangsu,
SV600200000001007,属进许能联革意几,Shandong,
SV600200000001008,查为点经经造压必切,Henan,
SV600200000001009,声性党再非状,Jiangsu,
SV600200000001010,处结代音面别几第,Henan,
SV600200000001011,党织事完米存标,Jiangsu,
SV600200000001012,变声们南权好,Henan,
SV600200000001013,历同交建千消,Jiangsu,
SV600200000001014,至人程拉难直,Henan,
SV600200000001015,风统状的身如复,Henan,
SV600200000001016,物较级候济育,Hubei,
SV600200000001017,非油问却不,Henan,
SV600200000001018,基历还物南间好,Shandong,
SV600200000001019,京海证石现片把,Shandong,
SV600200000001020,会式选步保它,Hubei,
SV600200000001021,法支确矿里指酸,Shandong,
SV600200000001022,实一意二住都气度他,Shandong,
SV600200000001023,化月育包战通路,Henan,
SV600200000001024,全林头结效,Shandong,
SV600200000001025,六难众二代步看,Shandong,
SV600200000001026,后两研更平日得府,Shandong,
SV600200000001027,快少大林解张问内,Jiangsu,
SV600200000001028,内总政况术,Henan,
SV600200000001029,油气色家小级应,Jiangsu,
SV600200000001030,百式许至角南强属,Hubei,
SV600200000001031,张自选今验无看,Shandong,
SV600200000001032,西根地打展解验,Henan,
SV600200000001033,加度分关系,Hubei,
SV600200000001034,文写题信记律办边无,Henan,
SV600200000001035,飞标后思极二府步,Shandong,
SV600200000001036,机北来特种列清易,Henan,
SV600200000001037,地声般便适委做写影,Henan,
SV600200000001038,节与青问九效从,Henan,
SV600200000001039,他火层边布头处需物,Hubei,
SV600200000001040,平会我元她利细经位,Jiangsu,
SV600200000001041,何列并他连,Henan,
SV600200000001042,给满则写程,Hubei,
SV600200000001043,流要生采交省信,Shandong,
SV600200000001044,值研们条示万准即般,Jiangsu,
SV600200000001045,家则资车数求青离,Henan,
SV600200000001046,构运传加华增商,Jiangsu,
SV600200000001047,火和需观数人权如,Henan,
SV600200000001048,发广色每观其,Henan,
SV600200000001049,率马点实信情通图,Shandong,
SV600200000001050,约离市称但还确白统,Shandong,
SV600200000001051,查并标得率看圆,Shandong,
SV600200000001052,适劳众先器果你有,Jiangsu,
SV600200000001053,状交又而其定号,Hubei,
SV600200000001054,原果细给须好平,Shandong,
SV600200000001055,动确员所生温率名高,Jiangsu,
SV600200000001056,常天观习八改,Henan,
SV600200000001057,就信系加全,Jiangsu,
SV600200000001058,产然因飞直太系步改,Hubei,
SV600200000001059,见议单交就很,Shandong,
SV600200000001060,此矿六西他真北从,Shandong,
SV600200000001061,经成取安装别,Hubei,
SV600200000001062,红连该江化改极行走,Henan,
SV600200000001063,美所华青影许确,Shandong,
SV600200000001064,中满除九太数,Shandong,
SV600200000001065,九毛府准动维位四,Henan,
SV600200000001066,关价没角育地感听,Shandong,
SV600200000001067,消活广光问群任该,Shandong,
SV600200000001068,道委现酸提,Shandong,
SV600200000001069,清同列产从据天,Shandong,
SV600200000001070,特界边民三按规她,Shandong,
SV600200000001071,属本非太且属于名,Shandong,
SV600200000001072,果调过权国油持切,Shandong,
SV600200000001073,界议往部验干车从地,Shandong,
SV600200000001074,量织教满达量命们会,Henan,
SV600200000001075,道几院象得划,Henan,
SV600200000001076,事广什最身中知克做,Shandong,
SV600200000001077,别合题只处部就说工,Henan,
SV600200000001078,马将长发气将角器,Jiangsu,
SV600200000001079,利快着路选,Jiangsu,
SV600200000001080,眼其会来常通,Hubei,
SV600200000001081,七据属王族已商传规,Hubei,
SV600200000001082,新压面制九多,Jiangsu,
SV600200000001083,求影那那你,Shandong,
SV600200000001084,值格指并子十山,Henan,
SV600200000001085,到如县则装价院识眼,Hubei,
SV600200000001086,火酸界管商百里小,Jiangsu,
SV600200000001087,历收发段政,Hubei,
SV600200000001088,低约按件车则着方期,Shandong,
SV600200000001089,下规高团地则积新,Henan,
SV600200000001090,向生变资现,Henan,
SV600200000001091,给做群压存经,Shandong,
SV600200000001092,走观阶着达同,Henan,
SV600200000001093,全今到压统,Henan,
SV600200000001094,调步这育体地,Jiangsu,
SV600200000001095,济美元百布理切点装,Shandong,
SV600200000001096,原报向务大般消,Jiangsu,
SV600200000001097,常从做见实民层,Hubei,
SV600200000001098,气信声干果代,Jiangsu,
SV600200000001099,育办外查题,Hubei,
