100012300001000,Xha,MANAGER,100013300001000,1981-06-09 00:00:00,2450,,SV600200000001000,
100013300001000,Bw,PRESIDENT,,1981-11-17 00:00:00,5000,,SV600200000001000,
100014300001000,Oqm,CLERK,100012300001000,1982-01-23 00:00:00,1300,,SV600200000001000,
100012300001001,Zdh,MANAGER,100013300001001,1981-06-09 00:00:00,2450,,SV600200000001001,
100013300001001,Nss,PRESIDENT,,1981-11-17 00:00:00,5000,,SV600200000001001,
100014300001001,Ua,CLERK,100012300001001,1982-01-23 00:00:00,1300,,SV600200000001001,
100012300001002,Elz,MANAGER,100013300001002,1981-06-09 00:00:00,2450,,SV600200000001002,
100013300001002,Oat,PRESIDENT,,1981-11-17 00:00:00,5000,,SV600200000001002,
100014300001002,Xt,CLERK,100012300001002,1982-01-23 00:00:00,1300,,SV600200000001002,
100012300001003,Dap,MANAGER,100013300001003,1981-06-09 00:00:00,2450,,SV600200000001003,
100013300001003,Jst,PRESIDENT,,1981-11-17 00:00:00,5000,,SV600200000001003,
100014300001003,Lwx,CLERK,100012300001003,1982-01-23 00:00:00,1300,,SV600200000001003,
100012300001004,Av,MANAGER,100013300001004,1981-06-09 00:00:00,2450,,SV600200000001004,
100013300001004,Jjv,PRESIDENT,,1981-11-17 00:00:00,5000,,SV600200000001004,
100014300001004,Od,CLERK,100012300001004,1982-01-23 00:00:00,1300,,SV600200000001004,
100012300001005,Hp,MANAGER,100013300001005,1981-06-09 00:00:00,2450,,SV600200000001005,
100013300001005,Yad,PRESIDENT,,1981-11-17 00:00:00,5000,,SV600200000001005,
100014300001005,Kzz,CLERK,100012300001005,1982-01-23 00:00:00,1300,,SV600200000001005,
100012300001006,Kh,MANAGER,100013300001006,1981-06-09 00:00:00,2450,,SV600200000001006,
100013300001006,Uk,PRESIDENT,,1981-11-17 00:00:00,5000,,SV600200000001006,
100014300001006,Lxm,CLERK,100012300001006,1982-01-23 00:00:00,1300,,SV600200000001006,
100012300001007,Mr,MANAGER,100013300001007,1981-06-09 00:00:00,2450,,SV600200000001007,
100013300001007,Rj,PRESIDENT,,1981-11-17 00:00:00,5000,,SV600200000001007,
100014300001007,Cni,CLERK,100012300001007,1982-01-23 00:00:00,1300,,SV600200000001007,
100012300001008,Le,MANAGER,100013300001008,1981-06-09 00:00:00,2450,,SV600200000001008,
100013300001008,Bz,PRESIDENT,,1981-11-17 00:00:00,5000,,SV600200000001008,
100014300001008,Yag,CLERK,100012300001008,1982-01-23 00:00:00,1300,,SV600200000001008,
100012300001009,Zhy,MANAGER,100013300001009,1981-06-09 00:00:00,2450,,SV600200000001009,
100013300001009,Lb,PRESIDENT,,1981-11-17 00:00:00,5000,,SV600200000001009,
100014300001009,Rl,CLERK,100012300001009,1982-01-23 00:00:00,1300,,SV600200000001009,
100012300001010,Eo,MANAGER,100013300001010,1981-06-09 00:00:00,2450,,SV600200000001010,
100013300001010,Lmk,PRESIDENT,,1981-11-17 00:00:00,5000,,SV600200000001010,
100014300001010,Zk,CLERK,100012300001010,1982-01-23 00:00:00,1300,,SV600200000001010,
100012300001011,Dyg,MANAGER,100013300001011,1981-06-09 00:00:00,2450,,SV600200000001011,
100013300001011,Fga,PRESIDENT,,1981-11-17 00:00:00,5000,,SV600200000001011,
100014300001011,Qn,CLERK,100012300001011,1982-01-23 00:00:00,1300,,SV600200000001011,
100012300001012,Hk,MANAGER,100013300001012,1981-06-09 00:00:00,2450,,SV600200000001012,
100013300001012,Gm,PRESIDENT,,1981-11-17 00:00:00,5000,,SV600200000001012,
100014300001012,Syv,CLERK,100012300001012,1982-01-23 00:00:00,1300,,SV600200000001012,
100012300001013,Ct,MANAGER,100013300001013,1981-06-09 00:00:00,2450,,SV600200000001013,
100013300001013,Cfr,PRESIDENT,,1981-11-17 00:00:00,5000,,SV600200000001013,
100014300001013,Yf,CLERK,100012300001013,1982-01-23 00:00:00,1300,,SV600200000001013,
100012300001014,Hh,MANAGER,100013300001014,1981-06-09 00:00:00,2450,,SV600200000001014,
100013300001014,Kn,PRESIDENT,,1981-11-17 00:00:00,5000,,SV600200000001014,
100014300001014,Nj,CLERK,100012300001014,1982-01-23 00:00:00,1300,,SV600200000001014,
100012300001015,Dh,MANAGER,100013300001015,1981-06-09 00:00:00,2450,,SV600200000001015,
100013300001015,Wbw,PRESIDENT,,1981-11-17 00:00:00,5000,,SV600200000001015,
100014300001015,Kz,CLERK,100012300001015,1982-01-23 00:00:00,1300,,SV600200000001015,
100012300001016,Dnd,MANAGER,100013300001016,1981-06-09 00:00:00,2450,,SV600200000001016,
100013300001016,Ice,PRESIDENT,,1981-11-17 00:00:00,5000,,SV600200000001016,
100014300001016,Yc,CLERK,100012300001016,1982-01-23 00:00:00,1300,,SV600200000001016,
100012300001017,Cvh,MANAGER,100013300001017,1981-06-09 00:00:00,2450,,SV600200000001017,
100013300001017,Obc,PRESIDENT,,1981-11-17 00:00:00,5000,,SV600200000001017,
100014300001017,Pbv,CLERK,100012300001017,1982-01-23 00:00:00,1300,,SV600200000001017,
100012300001018,Gt,MANAGER,100013300001018,1981-06-09 00:00:00,2450,,SV600200000001018,
100013300001018,Cw,PRESIDENT,,1981-11-17 00:00:00,5000,,SV600200000001018,
100014300001018,Oal,CLERK,100012300001018,1982-01-23 00:00:00,1300,,SV600200000001018,
100012300001019,Et,MANAGER,100013300001019,1981-06-09 00:00:00,2450,,SV600200000001019,
100013300001019,Ip,PRESIDENT,,1981-11-17 00:00:00,5000,,SV600200000001019,
100014300001019,Eq,CLERK,100012300001019,1982-01-23 00:00:00,1300,,SV600200000001019,
100012300001020,Du,MANAGER,100013300001020,1981-06-09 00:00:00,2450,,SV600200000001020,
100013300001020,Nqt,PRESIDENT,,1981-11-17 00:00:00,5000,,SV600200000001020,
100014300001020,Pg,CLERK,100012300001020,1982-01-23 00:00:00,1300,,SV600200000001020,
100012300001021,Hw,MANAGER,100013300001021,1981-06-09 00:00:00,2450,,SV600200000001021,
100013300001021,Yyt,PRESIDENT,,1981-11-17 00:00:00,5000,,SV600200000001021,
100014300001021,Red,CLERK,100012300001021,1982-01-23 00:00:00,1300,,SV600200000001021,
100012300001022,Jeb,MANAGER,100013300001022,1981-06-09 00:00:00,2450,,SV600200000001022,
100013300001022,Kne,PRESIDENT,,1981-11-17 00:00:00,5000,,SV600200000001022,
100014300001022,Aq,CLERK,100012300001022,1982-01-23 00:00:00,1300,,SV600200000001022,
100012300001023,Zh,MANAGER,100013300001023,1981-06-09 00:00:00,2450,,SV600200000001023,
100013300001023,Fwn,PRESIDENT,,1981-11-17 00:00:00,5000,,SV600200000001023,
100014300001023,Mw,CLERK,100012300001023,1982-01-23 00:00:00,1300,,SV600200000001023,
100012300001024,Mp,MANAGER,100013300001024,1981-06-09 00:00:00,2450,,SV600200000001024,
100013300001024,Hlz,PRESIDENT,,1981-11-17 00:00:00,5000,,SV600200000001024,
100014300001024,Kb,CLERK,100012300001024,1982-01-23 00:00:00,1300,,SV600200000001024,
100012300001025,Irb,MANAGER,100013300001025,1981-06-09 00:00:00,2450,,SV600200000001025,
100013300001025,Aht,PRESIDENT,,1981-11-17 00:00:00,5000,,SV600200000001025,
100014300001025,Skf,CLERK,100012300001025,1982-01-23 00:00:00,1300,,SV600200000001025,
100012300001026,Edr,MANAGER,100013300001026,1981-06-09 00:00:00,2450,,SV600200000001026,
100013300001026,Fkx,PRESIDENT,,1981-11-17 00:00:00,5000,,SV600200000001026,
100014300001026,Xbo,CLERK,100012300001026,1982-01-23 00:00:00,1300,,SV600200000001026,
100012300001027,Qx,MANAGER,100013300001027,1981-06-09 00:00:00,2450,,SV600200000001027,
100013300001027,Exg,PRESIDENT,,1981-11-17 00:00:00,5000,,SV600200000001027,
100014300001027,Bn,CLERK,100012300001027,1982-01-23 00:00:00,1300,,SV600200000001027,
100012300001028,Mm,MANAGER,100013300001028,1981-06-09 00:00:00,2450,,SV600200000001028,
100013300001028,Gw,PRESIDENT,,1981-11-17 00:00:00,5000,,SV600200000001028,
100014300001028,Or,CLERK,100012300001028,1982-01-23 00:00:00,1300,,SV600200000001028,
100012300001029,Bn,MANAGER,100013300001029,1981-06-09 00:00:00,2450,,SV600200000001029,
100013300001029,Kl,PRESIDENT,,1981-11-17 00:00:00,5000,,SV600200000001029,
100014300001029,Cvx,CLERK,100012300001029,1982-01-23 00:00:00,1300,,SV600200000001029,
100012300001030,Fgy,MANAGER,100013300001030,1981-06-09 00:00:00,2450,,SV600200000001030,
100013300001030,Krz,PRESIDENT,,1981-11-17 00:00:00,5000,,SV600200000001030,
100014300001030,Cbk,CLERK,100012300001030,1982-01-23 00:00:00,1300,,SV600200000001030,
100012300001031,Wrf,MANAGER,100013300001031,1981-06-09 00:00:00,2450,,SV600200000001031,
100013300001031,Do,PRESIDENT,,1981-11-17 00:00:00,5000,,SV600200000001031,
100014300001031,Auc,CLERK,100012300001031,1982-01-23 00:00:00,1300,,SV600200000001031,
100012300001032,Pk,MANAGER,100013300001032,1981-06-09 00:00:00,2450,,SV600200000001032,
100013300001032,Be,PRESIDENT,,1981-11-17 00:00:00,5000,,SV600200000001032,
100014300001032,Cb,CLERK,100012300001032,1982-01-23 00:00:00,1300,,SV600200000001032,
100012300001033,Qkn,MANAGER,100013300001033,1981-06-09 00:00:00,2450,,SV600200000001033,
100013300001033,Xha,PRESIDENT,,1981-11-17 00:00:00,5000,,SV600200000001033,
100014300001033,Bw,CLERK,100012300001033,1982-01-23 00:00:00,1300,,SV600200000001033,
100012300001034,Oqm,MANAGER,100013300001034,1981-06-09 00:00:00,2450,,SV600200000001034,
100013300001034,Zdh,PRESIDENT,,1981-11-17 00:00:00,5000,,SV600200000001034,
100014300001034,Nss,CLERK,100012300001034,1982-01-23 00:00:00,1300,,SV600200000001034,
100012300001035,Ua,MANAGER,100013300001035,1981-06-09 00:00:00,2450,,SV600200000001035,
100013300001035,Elz,PRESIDENT,,1981-11-17 00:00:00,5000,,SV600200000001035,
100014300001035,Oat,CLERK,100012300001035,1982-01-23 00:00:00,1300,,SV600200000001035,
100012300001036,Xt,MANAGER,100013300001036,1981-06-09 00:00:00,2450,,SV600200000001036,
100013300001036,Dap,PRESIDENT,,1981-11-17 00:00:00,5000,,SV600200000001036,
100014300001036,Jst,CLERK,100012300001036,1982-01-23 00:00:00,1300,,SV600200000001036,
100012300001037,Lwx,MANAGER,100013300001037,1981-06-09 00:00:00,2450,,SV600200000001037,
100013300001037,Av,PRESIDENT,,1981-11-17 00:00:00,5000,,SV600200000001037,
100014300001037,Jjv,CLERK,100012300001037,1982-01-23 00:00:00,1300,,SV600200000001037,
100012300001038,Od,MANAGER,100013300001038,1981-06-09 00:00:00,2450,,SV600200000001038,
100013300001038,Hp,PRESIDENT,,1981-11-17 00:00:00,5000,,SV600200000001038,
100014300001038,Yad,CLERK,100012300001038,1982-01-23 00:00:00,1300,,SV600200000001038,
100012300001039,Kzz,MANAGER,100013300001039,1981-06-09 00:00:00,2450,,SV600200000001039,
100013300001039,Kh,PRESIDENT,,1981-11-17 00:00:00,5000,,SV600200000001039,
100014300001039,Uk,CLERK,100012300001039,1982-01-23 00:00:00,1300,,SV600200000001039,
100012300001040,Lxm,MANAGER,100013300001040,1981-06-09 00:00:00,2450,,SV600200000001040,
100013300001040,Mr,PRESIDENT,,1981-11-17 00:00:00,5000,,SV600200000001040,
100014300001040,Rj,CLERK,100012300001040,1982-01-23 00:00:00,1300,,SV600200000001040,
100012300001041,Cni,MANAGER,100013300001041,1981-06-09 00:00:00,2450,,SV600200000001041,
100013300001041,Le,PRESIDENT,,1981-11-17 00:00:00,5000,,SV600200000001041,
100014300001041,Bz,CLERK,100012300001041,1982-01-23 00:00:00,1300,,SV600200000001041,
100012300001042,Yag,MANAGER,100013300001042,1981-06-09 00:00:00,2450,,SV600200000001042,
100013300001042,Zhy,PRESIDENT,,1981-11-17 00:00:00,5000,,SV600200000001042,
100014300001042,Lb,CLERK,100012300001042,1982-01-23 00:00:00,1300,,SV600200000001042,
100012300001043,Rl,MANAGER,100013300001043,1981-06-09 00:00:00,2450,,SV600200000001043,
100013300001043,Eo,PRESIDENT,,1981-11-17 00:00:00,5000,,SV600200000001043,
100014300001043,Lmk,CLERK,100012300001043,1982-01-23 00:00:00,1300,,SV600200000001043,
100012300001044,Zk,MANAGER,100013300001044,1981-06-09 00:00:00,2450,,SV600200000001044,
100013300001044,Dyg,PRESIDENT,,1981-11-17 00:00:00,5000,,SV600200000001044,
100014300001044,Fga,CLERK,100012300001044,1982-01-23 00:00:00,1300,,SV600200000001044,
100012300001045,Qn,MANAGER,100013300001045,1981-06-09 00:00:00,2450,,SV600200000001045,
100013300001045,Hk,PRESIDENT,,1981-11-17 00:00:00,5000,,SV600200000001045,
100014300001045,Gm,CLERK,100012300001045,1982-01-23 00:00:00,1300,,SV600200000001045,
100012300001046,Syv,MANAGER,100013300001046,1981-06-09 00:00:00,2450,,SV600200000001046,
100013300001046,Ct,PRESIDENT,,1981-11-17 00:00:00,5000,,SV600200000001046,
100014300001046,Cfr,CLERK,100012300001046,1982-01-23 00:00:00,1300,,SV600200000001046,
100012300001047,Yf,MANAGER,100013300001047,1981-06-09 00:00:00,2450,,SV600200000001047,
100013300001047,Hh,PRESIDENT,,1981-11-17 00:00:00,5000,,SV600200000001047,
100014300001047,Kn,CLERK,100012300001047,1982-01-23 00:00:00,1300,,SV600200000001047,
100012300001048,Nj,MANAGER,100013300001048,1981-06-09 00:00:00,2450,,SV600200000001048,
100013300001048,Dh,PRESIDENT,,1981-11-17 00:00:00,5000,,SV600200000001048,
100014300001048,Wbw,CLERK,100012300001048,1982-01-23 00:00:00,1300,,SV600200000001048,
100012300001049,Kz,MANAGER,100013300001049,1981-06-09 00:00:00,2450,,SV600200000001049,
100013300001049,Dnd,PRESIDENT,,1981-11-17 00:00:00,5000,,SV600200000001049,
100014300001049,Ice,CLERK,100012300001049,1982-01-23 00:00:00,1300,,SV600200000001049,
100012300001050,Yc,MANAGER,100013300001050,1981-06-09 00:00:00,2450,,SV600200000001050,
100013300001050,Cvh,PRESIDENT,,1981-11-17 00:00:00,5000,,SV600200000001050,
100014300001050,Obc,CLERK,100012300001050,1982-01-23 00:00:00,1300,,SV600200000001050,
100012300001051,Pbv,MANAGER,100013300001051,1981-06-09 00:00:00,2450,,SV600200000001051,
100013300001051,Gt,PRESIDENT,,1981-11-17 00:00:00,5000,,SV600200000001051,
100014300001051,Cw,CLERK,100012300001051,1982-01-23 00:00:00,1300,,SV600200000001051,
100012300001052,Oal,MANAGER,100013300001052,1981-06-09 00:00:00,2450,,SV600200000001052,
100013300001052,Et,PRESIDENT,,1981-11-17 00:00:00,5000,,SV600200000001052,
100014300001052,Ip,CLERK,100012300001052,1982-01-23 00:00:00,1300,,SV600200000001052,
100012300001053,Eq,MANAGER,100013300001053,1981-06-09 00:00:00,2450,,SV600200000001053,
100013300001053,Du,PRESIDENT,,1981-11-17 00:00:00,5000,,SV600200000001053,
100014300001053,Nqt,CLERK,100012300001053,1982-01-23 00:00:00,1300,,SV600200000001053,
100012300001054,Pg,MANAGER,100013300001054,1981-06-09 00:00:00,2450,,SV600200000001054,
100013300001054,Hw,PRESIDENT,,1981-11-17 00:00:00,5000,,SV600200000001054,
100014300001054,Yyt,CLERK,100012300001054,1982-01-23 00:00:00,1300,,SV600200000001054,
100012300001055,Red,MANAGER,100013300001055,1981-06-09 00:00:00,2450,,SV600200000001055,
100013300001055,Jeb,PRESIDENT,,1981-11-17 00:00:00,5000,,SV600200000001055,
100014300001055,Kne,CLERK,100012300001055,1982-01-23 00:00:00,1300,,SV600200000001055,
100012300001056,Aq,MANAGER,100013300001056,1981-06-09 00:00:00,2450,,SV600200000001056,
100013300001056,Zh,PRESIDENT,,1981-11-17 00:00:00,5000,,SV600200000001056,
100014300001056,Fwn,CLERK,100012300001056,1982-01-23 00:00:00,1300,,SV600200000001056,
100012300001057,Mw,MANAGER,100013300001057,1981-06-09 00:00:00,2450,,SV600200000001057,
100013300001057,Mp,PRESIDENT,,1981-11-17 00:00:00,5000,,SV600200000001057,
100014300001057,Hlz,CLERK,100012300001057,1982-01-23 00:00:00,1300,,SV600200000001057,
100012300001058,Kb,MANAGER,100013300001058,1981-06-09 00:00:00,2450,,SV600200000001058,
100013300001058,Irb,PRESIDENT,,1981-11-17 00:00:00,5000,,SV600200000001058,
100014300001058,Aht,CLERK,100012300001058,1982-01-23 00:00:00,1300,,SV600200000001058,
100012300001059,Skf,MANAGER,100013300001059,1981-06-09 00:00:00,2450,,SV600200000001059,
100013300001059,Edr,PRESIDENT,,1981-11-17 00:00:00,5000,,SV600200000001059,
100014300001059,Fkx,CLERK,100012300001059,1982-01-23 00:00:00,1300,,SV600200000001059,
100012300001060,Xbo,MANAGER,100013300001060,1981-06-09 00:00:00,2450,,SV600200000001060,
100013300001060,Qx,PRESIDENT,,1981-11-17 00:00:00,5000,,SV600200000001060,
100014300001060,Exg,CLERK,100012300001060,1982-01-23 00:00:00,1300,,SV600200000001060,
100012300001061,Bn,MANAGER,100013300001061,1981-06-09 00:00:00,2450,,SV600200000001061,
100013300001061,Mm,PRESIDENT,,1981-11-17 00:00:00,5000,,SV600200000001061,
100014300001061,Gw,CLERK,100012300001061,1982-01-23 00:00:00,1300,,SV600200000001061,
100012300001062,Or,MANAGER,100013300001062,1981-06-09 00:00:00,2450,,SV600200000001062,
100013300001062,Bn,PRESIDENT,,1981-11-17 00:00:00,5000,,SV600200000001062,
100014300001062,Kl,CLERK,100012300001062,1982-01-23 00:00:00,1300,,SV600200000001062,
100012300001063,Cvx,MANAGER,100013300001063,1981-06-09 00:00:00,2450,,SV600200000001063,
100013300001063,Fgy,PRESIDENT,,1981-11-17 00:00:00,5000,,SV600200000001063,
100014300001063,Krz,CLERK,100012300001063,1982-01-23 00:00:00,1300,,SV600200000001063,
100012300001064,Cbk,MANAGER,100013300001064,1981-06-09 00:00:00,2450,,SV600200000001064,
100013300001064,Wrf,PRESIDENT,,1981-11-17 00:00:00,5000,,SV600200000001064,
100014300001064,Do,CLERK,100012300001064,1982-01-23 00:00:00,1300,,SV600200000001064,
100012300001065,Auc,MANAGER,100013300001065,1981-06-09 00:00:00,2450,,SV600200000001065,
100013300001065,Pk,PRESIDENT,,1981-11-17 00:00:00,5000,,SV600200000001065,
100014300001065,Be,CLERK,100012300001065,1982-01-23 00:00:00,1300,,SV600200000001065,
100012300001066,Cb,MANAGER,100013300001066,1981-06-09 00:00:00,2450,,SV600200000001066,
100013300001066,Qkn,PRESIDENT,,1981-11-17 00:00:00,5000,,SV600200000001066,
100014300001066,Xha,CLERK,100012300001066,1982-01-23 00:00:00,1300,,SV600200000001066,
100012300001067,Bw,MANAGER,100013300001067,1981-06-09 00:00:00,2450,,SV600200000001067,
100013300001067,Oqm,PRESIDENT,,1981-11-17 00:00:00,5000,,SV600200000001067,
100014300001067,Zdh,CLERK,100012300001067,1982-01-23 00:00:00,1300,,SV600200000001067,
100012300001068,Nss,MANAGER,100013300001068,1981-06-09 00:00:00,2450,,SV600200000001068,
100013300001068,Ua,PRESIDENT,,1981-11-17 00:00:00,5000,,SV600200000001068,
100014300001068,Elz,CLERK,100012300001068,1982-01-23 00:00:00,1300,,SV600200000001068,
100012300001069,Oat,MANAGER,100013300001069,1981-06-09 00:00:00,2450,,SV600200000001069,
100013300001069,Xt,PRESIDENT,,1981-11-17 00:00:00,5000,,SV600200000001069,
100014300001069,Dap,CLERK,100012300001069,1982-01-23 00:00:00,1300,,SV600200000001069,
100012300001070,Jst,MANAGER,100013300001070,1981-06-09 00:00:00,2450,,SV600200000001070,
100013300001070,Lwx,PRESIDENT,,1981-11-17 00:00:00,5000,,SV600200000001070,
100014300001070,Av,CLERK,100012300001070,1982-01-23 00:00:00,1300,,SV600200000001070,
100012300001071,Jjv,MANAGER,100013300001071,1981-06-09 00:00:00,2450,,SV600200000001071,
100013300001071,Od,PRESIDENT,,1981-11-17 00:00:00,5000,,SV600200000001071,
100014300001071,Hp,CLERK,100012300001071,1982-01-23 00:00:00,1300,,SV600200000001071,
100012300001072,Yad,MANAGER,100013300001072,1981-06-09 00:00:00,2450,,SV600200000001072,
100013300001072,Kzz,PRESIDENT,,1981-11-17 00:00:00,5000,,SV600200000001072,
100014300001072,Kh,CLERK,100012300001072,1982-01-23 00:00:00,1300,,SV600200000001072,
100012300001073,Uk,MANAGER,100013300001073,1981-06-09 00:00:00,2450,,SV600200000001073,
100013300001073,Lxm,PRESIDENT,,1981-11-17 00:00:00,5000,,SV600200000001073,
100014300001073,Mr,CLERK,100012300001073,1982-01-23 00:00:00,1300,,SV600200000001073,
100012300001074,Rj,MANAGER,100013300001074,1981-06-09 00:00:00,2450,,SV600200000001074,
100013300001074,Cni,PRESIDENT,,1981-11-17 00:00:00,5000,,SV600200000001074,
100014300001074,Le,CLERK,100012300001074,1982-01-23 00:00:00,1300,,SV600200000001074,
100012300001075,Bz,MANAGER,100013300001075,1981-06-09 00:00:00,2450,,SV600200000001075,
100013300001075,Yag,PRESIDENT,,1981-11-17 00:00:00,5000,,SV600200000001075,
100014300001075,Zhy,CLERK,100012300001075,1982-01-23 00:00:00,1300,,SV600200000001075,
100012300001076,Lb,MANAGER,100013300001076,1981-06-09 00:00:00,2450,,SV600200000001076,
100013300001076,Rl,PRESIDENT,,1981-11-17 00:00:00,5000,,SV600200000001076,
100014300001076,Eo,CLERK,100012300001076,1982-01-23 00:00:00,1300,,SV600200000001076,
100012300001077,Lmk,MANAGER,100013300001077,1981-06-09 00:00:00,2450,,SV600200000001077,
100013300001077,Zk,PRESIDENT,,1981-11-17 00:00:00,5000,,SV600200000001077,
100014300001077,Dyg,CLERK,100012300001077,1982-01-23 00:00:00,1300,,SV600200000001077,
100012300001078,Fga,MANAGER,100013300001078,1981-06-09 00:00:00,2450,,SV600200000001078,
100013300001078,Qn,PRESIDENT,,1981-11-17 00:00:00,5000,,SV600200000001078,
100014300001078,Hk,CLERK,100012300001078,1982-01-23 00:00:00,1300,,SV600200000001078,
100012300001079,Gm,MANAGER,100013300001079,1981-06-09 00:00:00,2450,,SV600200000001079,
100013300001079,Syv,PRESIDENT,,1981-11-17 00:00:00,5000,,SV600200000001079,
100014300001079,Ct,CLERK,100012300001079,1982-01-23 00:00:00,1300,,SV600200000001079,
100012300001080,Cfr,MANAGER,100013300001080,1981-06-09 00:00:00,2450,,SV600200000001080,
100013300001080,Yf,PRESIDENT,,1981-11-17 00:00:00,5000,,SV600200000001080,
100014300001080,Hh,CLERK,100012300001080,1982-01-23 00:00:00,1300,,SV600200000001080,
100012300001081,Kn,MANAGER,100013300001081,1981-06-09 00:00:00,2450,,SV600200000001081,
100013300001081,Nj,PRESIDENT,,1981-11-17 00:00:00,5000,,SV600200000001081,
100014300001081,Dh,CLERK,100012300001081,1982-01-23 00:00:00,1300,,SV600200000001081,
100012300001082,Wbw,MANAGER,100013300001082,1981-06-09 00:00:00,2450,,SV600200000001082,
100013300001082,Kz,PRESIDENT,,1981-11-17 00:00:00,5000,,SV600200000001082,
100014300001082,Dnd,CLERK,100012300001082,1982-01-23 00:00:00,1300,,SV600200000001082,
100012300001083,Ice,MANAGER,100013300001083,1981-06-09 00:00:00,2450,,SV600200000001083,
100013300001083,Yc,PRESIDENT,,1981-11-17 00:00:00,5000,,SV600200000001083,
100014300001083,Cvh,CLERK,100012300001083,1982-01-23 00:00:00,1300,,SV600200000001083,
100012300001084,Obc,MANAGER,100013300001084,1981-06-09 00:00:00,2450,,SV600200000001084,
100013300001084,Pbv,PRESIDENT,,1981-11-17 00:00:00,5000,,SV600200000001084,
100014300001084,Gt,CLERK,100012300001084,1982-01-23 00:00:00,1300,,SV600200000001084,
100012300001085,Cw,MANAGER,100013300001085,1981-06-09 00:00:00,2450,,SV600200000001085,
100013300001085,Oal,PRESIDENT,,1981-11-17 00:00:00,5000,,SV600200000001085,
100014300001085,Et,CLERK,100012300001085,1982-01-23 00:00:00,1300,,SV600200000001085,
100012300001086,Ip,MANAGER,100013300001086,1981-06-09 00:00:00,2450,,SV600200000001086,
100013300001086,Eq,PRESIDENT,,1981-11-17 00:00:00,5000,,SV600200000001086,
100014300001086,Du,CLERK,100012300001086,1982-01-23 00:00:00,1300,,SV600200000001086,
100012300001087,Nqt,MANAGER,100013300001087,1981-06-09 00:00:00,2450,,SV600200000001087,
100013300001087,Pg,PRESIDENT,,1981-11-17 00:00:00,5000,,SV600200000001087,
100014300001087,Hw,CLERK,100012300001087,1982-01-23 00:00:00,1300,,SV600200000001087,
100012300001088,Yyt,MANAGER,100013300001088,1981-06-09 00:00:00,2450,,SV600200000001088,
100013300001088,Red,PRESIDENT,,1981-11-17 00:00:00,5000,,SV600200000001088,
100014300001088,Jeb,CLERK,100012300001088,1982-01-23 00:00:00,1300,,SV600200000001088,
100012300001089,Kne,MANAGER,100013300001089,1981-06-09 00:00:00,2450,,SV600200000001089,
100013300001089,Aq,PRESIDENT,,1981-11-17 00:00:00,5000,,SV600200000001089,
100014300001089,Zh,CLERK,100012300001089,1982-01-23 00:00:00,1300,,SV600200000001089,
100012300001090,Fwn,MANAGER,100013300001090,1981-06-09 00:00:00,2450,,SV600200000001090,
100013300001090,Mw,PRESIDENT,,1981-11-17 00:00:00,5000,,SV600200000001090,
100014300001090,Mp,CLERK,100012300001090,1982-01-23 00:00:00,1300,,SV600200000001090,
100012300001091,Hlz,MANAGER,100013300001091,1981-06-09 00:00:00,2450,,SV600200000001091,
100013300001091,Kb,PRESIDENT,,1981-11-17 00:00:00,5000,,SV600200000001091,
100014300001091,Irb,CLERK,100012300001091,1982-01-23 00:00:00,1300,,SV600200000001091,
100012300001092,Aht,MANAGER,100013300001092,1981-06-09 00:00:00,2450,,SV600200000001092,
100013300001092,Skf,PRESIDENT,,1981-11-17 00:00:00,5000,,SV600200000001092,
100014300001092,Edr,CLERK,100012300001092,1982-01-23 00:00:00,1300,,SV600200000001092,
100012300001093,Fkx,MANAGER,100013300001093,1981-06-09 00:00:00,2450,,SV600200000001093,
100013300001093,Xbo,PRESIDENT,,1981-11-17 00:00:00,5000,,SV600200000001093,
100014300001093,Qx,CLERK,100012300001093,1982-01-23 00:00:00,1300,,SV600200000001093,
100012300001094,Exg,MANAGER,100013300001094,1981-06-09 00:00:00,2450,,SV600200000001094,
100013300001094,Bn,PRESIDENT,,1981-11-17 00:00:00,5000,,SV600200000001094,
100014300001094,Mm,CLERK,100012300001094,1982-01-23 00:00:00,1300,,SV600200000001094,
100012300001095,Gw,MANAGER,100013300001095,1981-06-09 00:00:00,2450,,SV600200000001095,
100013300001095,Or,PRESIDENT,,1981-11-17 00:00:00,5000,,SV600200000001095,
100014300001095,Bn,CLERK,100012300001095,1982-01-23 00:00:00,1300,,SV600200000001095,
100012300001096,Kl,MANAGER,100013300001096,1981-06-09 00:00:00,2450,,SV600200000001096,
100013300001096,Cvx,PRESIDENT,,1981-11-17 00:00:00,5000,,SV600200000001096,
100014300001096,Fgy,CLERK,100012300001096,1982-01-23 00:00:00,1300,,SV600200000001096,
100012300001097,Krz,MANAGER,100013300001097,1981-06-09 00:00:00,2450,,SV600200000001097,
100013300001097,Cbk,PRESIDENT,,1981-11-17 00:00:00,5000,,SV600200000001097,
100014300001097,Wrf,CLERK,100012300001097,1982-01-23 00:00:00,1300,,SV600200000001097,
100012300001098,Do,MANAGER,100013300001098,1981-06-09 00:00:00,2450,,SV600200000001098,
100013300001098,Auc,PRESIDENT,,1981-11-17 00:00:00,5000,,SV600200000001098,
100014300001098,Pk,CLERK,100012300001098,1982-01-23 00:00:00,1300,,SV600200000001098,
100012300001099,Be,MANAGER,100013300001099,1981-06-09 00:00:00,2450,,SV600200000001099,
100013300001099,Cb,PRESIDENT,,1981-11-17 00:00:00,5000,,SV600200000001099,
100014300001099,Qkn,CLERK,100012300001099,1982-01-23 00:00:00,1300,,SV600200000001099,
