SV6002000000002000,model2,NEW YORK
SV6002010000002000,model2,DALLAS
SV6002020000002000,model2,CHICAGO
SV6002030000002000,model2,BOSTON
SV6002000000002001,利完与片八广满则,NEW YORK,
SV6002000000002002,model2,NEW YORK
SV6002010000002002,model2,DALLAS
SV6002020000002002,model2,CHICAGO
SV6002030000002002,model2,BOSTON
SV6002000000002003,长清切月数千近天院,NEW YORK,
SV6002000000002004,model2,NEW YORK
SV6002010000002004,model2,DALLAS
SV6002020000002004,model2,CHICAGO
SV6002030000002004,model2,BOSTON
SV6002000000002005,在人里图积生种难,NEW YORK,
SV6002000000002006,感把况民里,NEW YORK,
SV6002000000002007,model2,NEW YORK
SV6002010000002007,model2,DALLAS
SV6002020000002007,model2,CHICAGO
SV6002030000002007,model2,BOSTON
SV6002000000002008,model2,NEW YORK
SV6002010000002008,model2,DALLAS
SV6002020000002008,model2,CHICAGO
SV6002030000002008,model2,BOSTON
SV6002000000002009,model2,NEW YORK
SV6002010000002009,model2,DALLAS
SV6002020000002009,model2,CHICAGO
SV6002030000002009,model2,BOSTON
SV6002000000002010,参别走往程者她本,NEW YORK,
SV6002000000002011,身长长科多般制度种,NEW YORK,
SV6002000000002012,model2,NEW YORK
SV6002010000002012,model2,DALLAS
SV6002020000002012,model2,CHICAGO
SV6002030000002012,model2,BOSTON
SV6002000000002013,气也林快素,NEW YORK,
SV6002000000002014,能属际际文地切,NEW YORK,
SV6002000000002015,相资毛提众,NEW YORK,
SV6002000000002016,规没元么受技来,NEW YORK,
SV6002000000002017,利完与片八广满则,NEW YORK,
SV6002000000002018,长清切月数千近天院,NEW YORK,
SV6002000000002019,在人里图积生种难,NEW YORK,
SV6002000000002020,model2,NEW YORK
SV6002010000002020,model2,DALLAS
SV6002020000002020,model2,CHICAGO
SV6002030000002020,model2,BOSTON
SV6002000000002021,model2,NEW YORK
SV6002010000002021,model2,DALLAS
SV6002020000002021,model2,CHICAGO
SV6002030000002021,model2,BOSTON
SV6002000000002022,model2,NEW YORK
SV6002010000002022,model2,DALLAS
SV6002020000002022,model2,CHICAGO
SV6002030000002022,model2,BOSTON
SV6002000000002023,model2,NEW YORK
SV6002010000002023,model2,DALLAS
SV6002020000002023,model2,CHICAGO
SV6002030000002023,model2,BOSTON
SV6002000000002024,model2,NEW YORK
SV6002010000002024,model2,DALLAS
SV6002020000002024,model2,CHICAGO
SV6002030000002024,model2,BOSTON
SV6002000000002025,感把况民里,NEW YORK,
SV6002000000002026,model2,NEW YORK
SV6002010000002026,model2,DALLAS
SV6002020000002026,model2,CHICAGO
SV6002030000002026,model2,BOSTON
SV6002000000002027,model2,NEW YORK
SV6002010000002027,model2,DALLAS
SV6002020000002027,model2,CHICAGO
SV6002030000002027,model2,BOSTON
SV6002000000002028,model2,NEW YORK
SV6002010000002028,model2,DALLAS
SV6002020000002028,model2,CHICAGO
SV6002030000002028,model2,BOSTON
SV6002000000002029,参别走往程者她本,NEW YORK,
SV6002000000002030,身长长科多般制度种,NEW YORK,
SV6002000000002031,model2,NEW YORK
SV6002010000002031,model2,DALLAS
SV6002020000002031,model2,CHICAGO
SV6002030000002031,model2,BOSTON
SV6002000000002032,model2,NEW YORK
SV6002010000002032,model2,DALLAS
SV6002020000002032,model2,CHICAGO
SV6002030000002032,model2,BOSTON
SV6002000000002033,model2,NEW YORK
SV6002010000002033,model2,DALLAS
SV6002020000002033,model2,CHICAGO
SV6002030000002033,model2,BOSTON
SV6002000000002034,model2,NEW YORK
SV6002010000002034,model2,DALLAS
SV6002020000002034,model2,CHICAGO
SV6002030000002034,model2,BOSTON
SV6002000000002035,气也林快素,NEW YORK,
SV6002000000002036,能属际际文地切,NEW YORK,
SV6002000000002037,model2,NEW YORK
SV6002010000002037,model2,DALLAS
SV6002020000002037,model2,CHICAGO
SV6002030000002037,model2,BOSTON
SV6002000000002038,model2,NEW YORK
SV6002010000002038,model2,DALLAS
SV6002020000002038,model2,CHICAGO
SV6002030000002038,model2,BOSTON
SV6002000000002039,相资毛提众,NEW YORK,
SV6002000000002040,model2,NEW YORK
SV6002010000002040,model2,DALLAS
SV6002020000002040,model2,CHICAGO
SV6002030000002040,model2,BOSTON
SV6002000000002041,model2,NEW YORK
SV6002010000002041,model2,DALLAS
SV6002020000002041,model2,CHICAGO
SV6002030000002041,model2,BOSTON
SV6002000000002042,规没元么受技来,NEW YORK,
SV6002000000002043,model2,NEW YORK
SV6002010000002043,model2,DALLAS
SV6002020000002043,model2,CHICAGO
SV6002030000002043,model2,BOSTON
SV6002000000002044,利完与片八广满则,NEW YORK,
SV6002000000002045,model2,NEW YORK
SV6002010000002045,model2,DALLAS
SV6002020000002045,model2,CHICAGO
SV6002030000002045,model2,BOSTON
SV6002000000002046,model2,NEW YORK
SV6002010000002046,model2,DALLAS
SV6002020000002046,model2,CHICAGO
SV6002030000002046,model2,BOSTON
SV6002000000002047,长清切月数千近天院,NEW YORK,
SV6002000000002048,model2,NEW YORK
SV6002010000002048,model2,DALLAS
SV6002020000002048,model2,CHICAGO
SV6002030000002048,model2,BOSTON
SV6002000000002049,model2,NEW YORK
SV6002010000002049,model2,DALLAS
SV6002020000002049,model2,CHICAGO
SV6002030000002049,model2,BOSTON
SV6002000000002050,model2,NEW YORK
SV6002010000002050,model2,DALLAS
SV6002020000002050,model2,CHICAGO
SV6002030000002050,model2,BOSTON
SV6002000000002051,在人里图积生种难,NEW YORK,
SV6002000000002052,感把况民里,NEW YORK,
SV6002000000002053,参别走往程者她本,NEW YORK,
SV6002000000002054,身长长科多般制度种,NEW YORK,
SV6002000000002055,model2,NEW YORK
SV6002010000002055,model2,DALLAS
SV6002020000002055,model2,CHICAGO
SV6002030000002055,model2,BOSTON
SV6002000000002056,气也林快素,NEW YORK,
SV6002000000002057,能属际际文地切,NEW YORK,
SV6002000000002058,model2,NEW YORK
SV6002010000002058,model2,DALLAS
SV6002020000002058,model2,CHICAGO
SV6002030000002058,model2,BOSTON
SV6002000000002059,model2,NEW YORK
SV6002010000002059,model2,DALLAS
SV6002020000002059,model2,CHICAGO
SV6002030000002059,model2,BOSTON
SV6002000000002060,model2,NEW YORK
SV6002010000002060,model2,DALLAS
SV6002020000002060,model2,CHICAGO
SV6002030000002060,model2,BOSTON
SV6002000000002061,model2,NEW YORK
SV6002010000002061,model2,DALLAS
SV6002020000002061,model2,CHICAGO
SV6002030000002061,model2,BOSTON
SV6002000000002062,model2,NEW YORK
SV6002010000002062,model2,DALLAS
SV6002020000002062,model2,CHICAGO
SV6002030000002062,model2,BOSTON
SV6002000000002063,model2,NEW YORK
SV6002010000002063,model2,DALLAS
SV6002020000002063,model2,CHICAGO
SV6002030000002063,model2,BOSTON
SV6002000000002064,model2,NEW YORK
SV6002010000002064,model2,DALLAS
SV6002020000002064,model2,CHICAGO
SV6002030000002064,model2,BOSTON
SV6002000000002065,model2,NEW YORK
SV6002010000002065,model2,DALLAS
SV6002020000002065,model2,CHICAGO
SV6002030000002065,model2,BOSTON
SV6002000000002066,相资毛提众,NEW YORK,
SV6002000000002067,model2,NEW YORK
SV6002010000002067,model2,DALLAS
SV6002020000002067,model2,CHICAGO
SV6002030000002067,model2,BOSTON
SV6002000000002068,规没元么受技来,NEW YORK,
SV6002000000002069,利完与片八广满则,NEW YORK,
SV6002000000002070,长清切月数千近天院,NEW YORK,
SV6002000000002071,在人里图积生种难,NEW YORK,
SV6002000000002072,model2,NEW YORK
SV6002010000002072,model2,DALLAS
SV6002020000002072,model2,CHICAGO
SV6002030000002072,model2,BOSTON
SV6002000000002073,感把况民里,NEW YORK,
SV6002000000002074,model2,NEW YORK
SV6002010000002074,model2,DALLAS
SV6002020000002074,model2,CHICAGO
SV6002030000002074,model2,BOSTON
SV6002000000002075,参别走往程者她本,NEW YORK,
SV6002000000002076,model2,NEW YORK
SV6002010000002076,model2,DALLAS
SV6002020000002076,model2,CHICAGO
SV6002030000002076,model2,BOSTON
SV6002000000002077,model2,NEW YORK
SV6002010000002077,model2,DALLAS
SV6002020000002077,model2,CHICAGO
SV6002030000002077,model2,BOSTON
SV6002000000002078,身长长科多般制度种,NEW YORK,
SV6002000000002079,气也林快素,NEW YORK,
SV6002000000002080,能属际际文地切,NEW YORK,
SV6002000000002081,相资毛提众,NEW YORK,
SV6002000000002082,model2,NEW YORK
SV6002010000002082,model2,DALLAS
SV6002020000002082,model2,CHICAGO
SV6002030000002082,model2,BOSTON
SV6002000000002083,规没元么受技来,NEW YORK,
SV6002000000002084,model2,NEW YORK
SV6002010000002084,model2,DALLAS
SV6002020000002084,model2,CHICAGO
SV6002030000002084,model2,BOSTON
SV6002000000002085,model2,NEW YORK
SV6002010000002085,model2,DALLAS
SV6002020000002085,model2,CHICAGO
SV6002030000002085,model2,BOSTON
SV6002000000002086,model2,NEW YORK
SV6002010000002086,model2,DALLAS
SV6002020000002086,model2,CHICAGO
SV6002030000002086,model2,BOSTON
SV6002000000002087,model2,NEW YORK
SV6002010000002087,model2,DALLAS
SV6002020000002087,model2,CHICAGO
SV6002030000002087,model2,BOSTON
SV6002000000002088,model2,NEW YORK
SV6002010000002088,model2,DALLAS
SV6002020000002088,model2,CHICAGO
SV6002030000002088,model2,BOSTON
SV6002000000002089,model2,NEW YORK
SV6002010000002089,model2,DALLAS
SV6002020000002089,model2,CHICAGO
SV6002030000002089,model2,BOSTON
SV6002000000002090,利完与片八广满则,NEW YORK,
SV6002000000002091,model2,NEW YORK
SV6002010000002091,model2,DALLAS
SV6002020000002091,model2,CHICAGO
SV6002030000002091,model2,BOSTON
SV6002000000002092,长清切月数千近天院,NEW YORK,
SV6002000000002093,model2,NEW YORK
SV6002010000002093,model2,DALLAS
SV6002020000002093,model2,CHICAGO
SV6002030000002093,model2,BOSTON
SV6002000000002094,在人里图积生种难,NEW YORK,
SV6002000000002095,感把况民里,NEW YORK,
SV6002000000002096,model2,NEW YORK
SV6002010000002096,model2,DALLAS
SV6002020000002096,model2,CHICAGO
SV6002030000002096,model2,BOSTON
SV6002000000002097,model2,NEW YORK
SV6002010000002097,model2,DALLAS
SV6002020000002097,model2,CHICAGO
SV6002030000002097,model2,BOSTON
SV6002000000002098,model2,NEW YORK
SV6002010000002098,model2,DALLAS
SV6002020000002098,model2,CHICAGO
SV6002030000002098,model2,BOSTON
SV6002000000002099,model2,NEW YORK
SV6002010000002099,model2,DALLAS
SV6002020000002099,model2,CHICAGO
SV6002030000002099,model2,BOSTON
