1000123000002001,Jd,MANAGER,1000133000002001,1981-06-09 00:00:00,2450,,SV6002000000002001,
1000133000002001,Ziq,PRESIDENT,,1981-11-17 00:00:00,5000,,SV6002000000002001,
1000143000002001,Lb,CLERK,1000123000002001,1982-01-23 00:00:00,1300,,SV6002000000002001,
1000123000002003,Oy,MANAGER,1000133000002003,1981-06-09 00:00:00,2450,,SV6002000000002003,
1000133000002003,Imv,PRESIDENT,,1981-11-17 00:00:00,5000,,SV6002000000002003,
1000143000002003,Izu,CLERK,1000123000002003,1982-01-23 00:00:00,1300,,SV6002000000002003,
1000123000002005,Jqr,MANAGER,1000133000002005,1981-06-09 00:00:00,2450,,SV6002000000002005,
1000133000002005,Glg,PRESIDENT,,1981-11-17 00:00:00,5000,,SV6002000000002005,
1000143000002005,Mn,CLERK,1000123000002005,1982-01-23 00:00:00,1300,,SV6002000000002005,
1000123000002006,Guv,MANAGER,1000133000002006,1981-06-09 00:00:00,2450,,SV6002000000002006,
1000133000002006,Kr,PRESIDENT,,1981-11-17 00:00:00,5000,,SV6002000000002006,
1000143000002006,Zuw,CLERK,1000123000002006,1982-01-23 00:00:00,1300,,SV6002000000002006,
1000123000002010,Rk,MANAGER,1000133000002010,1981-06-09 00:00:00,2450,,SV6002000000002010,
1000133000002010,Ez,PRESIDENT,,1981-11-17 00:00:00,5000,,SV6002000000002010,
1000143000002010,Ji,CLERK,1000123000002010,1982-01-23 00:00:00,1300,,SV6002000000002010,
1000123000002011,Pjd,MANAGER,1000133000002011,1981-06-09 00:00:00,2450,,SV6002000000002011,
1000133000002011,Kwi,PRESIDENT,,1981-11-17 00:00:00,5000,,SV6002000000002011,
1000143000002011,Dl,CLERK,1000123000002011,1982-01-23 00:00:00,1300,,SV6002000000002011,
1000123000002013,Cf,MANAGER,1000133000002013,1981-06-09 00:00:00,2450,,SV6002000000002013,
1000133000002013,Ddo,PRESIDENT,,1981-11-17 00:00:00,5000,,SV6002000000002013,
1000143000002013,Os,CLERK,1000123000002013,1982-01-23 00:00:00,1300,,SV6002000000002013,
1000123000002014,Dvv,MANAGER,1000133000002014,1981-06-09 00:00:00,2450,,SV6002000000002014,
1000133000002014,Rn,PRESIDENT,,1981-11-17 00:00:00,5000,,SV6002000000002014,
1000143000002014,Dl,CLERK,1000123000002014,1982-01-23 00:00:00,1300,,SV6002000000002014,
1000123000002015,Sqg,MANAGER,1000133000002015,1981-06-09 00:00:00,2450,,SV6002000000002015,
1000133000002015,Bmc,PRESIDENT,,1981-11-17 00:00:00,5000,,SV6002000000002015,
1000143000002015,Aq,CLERK,1000123000002015,1982-01-23 00:00:00,1300,,SV6002000000002015,
1000123000002016,Vn,MANAGER,1000133000002016,1981-06-09 00:00:00,2450,,SV6002000000002016,
1000133000002016,Ojm,PRESIDENT,,1981-11-17 00:00:00,5000,,SV6002000000002016,
1000143000002016,Ax,CLERK,1000123000002016,1982-01-23 00:00:00,1300,,SV6002000000002016,
1000123000002017,Ac,MANAGER,1000133000002017,1981-06-09 00:00:00,2450,,SV6002000000002017,
1000133000002017,Ap,PRESIDENT,,1981-11-17 00:00:00,5000,,SV6002000000002017,
1000143000002017,Lq,CLERK,1000123000002017,1982-01-23 00:00:00,1300,,SV6002000000002017,
1000123000002018,Yjb,MANAGER,1000133000002018,1981-06-09 00:00:00,2450,,SV6002000000002018,
1000133000002018,Dyx,PRESIDENT,,1981-11-17 00:00:00,5000,,SV6002000000002018,
1000143000002018,Jw,CLERK,1000123000002018,1982-01-23 00:00:00,1300,,SV6002000000002018,
1000123000002019,Je,MANAGER,1000133000002019,1981-06-09 00:00:00,2450,,SV6002000000002019,
1000133000002019,Hc,PRESIDENT,,1981-11-17 00:00:00,5000,,SV6002000000002019,
1000143000002019,Sgq,CLERK,1000123000002019,1982-01-23 00:00:00,1300,,SV6002000000002019,
1000123000002025,Qk,MANAGER,1000133000002025,1981-06-09 00:00:00,2450,,SV6002000000002025,
1000133000002025,Uul,PRESIDENT,,1981-11-17 00:00:00,5000,,SV6002000000002025,
1000143000002025,Gh,CLERK,1000123000002025,1982-01-23 00:00:00,1300,,SV6002000000002025,
1000123000002029,Pr,MANAGER,1000133000002029,1981-06-09 00:00:00,2450,,SV6002000000002029,
1000133000002029,Mm,PRESIDENT,,1981-11-17 00:00:00,5000,,SV6002000000002029,
1000143000002029,Sg,CLERK,1000123000002029,1982-01-23 00:00:00,1300,,SV6002000000002029,
1000123000002030,Vzg,MANAGER,1000133000002030,1981-06-09 00:00:00,2450,,SV6002000000002030,
1000133000002030,Reu,PRESIDENT,,1981-11-17 00:00:00,5000,,SV6002000000002030,
1000143000002030,Rss,CLERK,1000123000002030,1982-01-23 00:00:00,1300,,SV6002000000002030,
1000123000002035,Si,MANAGER,1000133000002035,1981-06-09 00:00:00,2450,,SV6002000000002035,
1000133000002035,Fi,PRESIDENT,,1981-11-17 00:00:00,5000,,SV6002000000002035,
1000143000002035,Mgj,CLERK,1000123000002035,1982-01-23 00:00:00,1300,,SV6002000000002035,
1000123000002036,Rng,MANAGER,1000133000002036,1981-06-09 00:00:00,2450,,SV6002000000002036,
1000133000002036,Igf,PRESIDENT,,1981-11-17 00:00:00,5000,,SV6002000000002036,
1000143000002036,Bh,CLERK,1000123000002036,1982-01-23 00:00:00,1300,,SV6002000000002036,
1000123000002039,Ns,MANAGER,1000133000002039,1981-06-09 00:00:00,2450,,SV6002000000002039,
1000133000002039,Mup,PRESIDENT,,1981-11-17 00:00:00,5000,,SV6002000000002039,
1000143000002039,Rwg,CLERK,1000123000002039,1982-01-23 00:00:00,1300,,SV6002000000002039,
1000123000002042,Zm,MANAGER,1000133000002042,1981-06-09 00:00:00,2450,,SV6002000000002042,
1000133000002042,Zy,PRESIDENT,,1981-11-17 00:00:00,5000,,SV6002000000002042,
1000143000002042,Jp,CLERK,1000123000002042,1982-01-23 00:00:00,1300,,SV6002000000002042,
1000123000002044,As,MANAGER,1000133000002044,1981-06-09 00:00:00,2450,,SV6002000000002044,
1000133000002044,Qcc,PRESIDENT,,1981-11-17 00:00:00,5000,,SV6002000000002044,
1000143000002044,Cu,CLERK,1000123000002044,1982-01-23 00:00:00,1300,,SV6002000000002044,
1000123000002047,Iko,MANAGER,1000133000002047,1981-06-09 00:00:00,2450,,SV6002000000002047,
1000133000002047,Sk,PRESIDENT,,1981-11-17 00:00:00,5000,,SV6002000000002047,
1000143000002047,Bk,CLERK,1000123000002047,1982-01-23 00:00:00,1300,,SV6002000000002047,
1000123000002051,Rg,MANAGER,1000133000002051,1981-06-09 00:00:00,2450,,SV6002000000002051,
1000133000002051,Qu,PRESIDENT,,1981-11-17 00:00:00,5000,,SV6002000000002051,
1000143000002051,Gs,CLERK,1000123000002051,1982-01-23 00:00:00,1300,,SV6002000000002051,
1000123000002052,Wl,MANAGER,1000133000002052,1981-06-09 00:00:00,2450,,SV6002000000002052,
1000133000002052,Kug,PRESIDENT,,1981-11-17 00:00:00,5000,,SV6002000000002052,
1000143000002052,Yt,CLERK,1000123000002052,1982-01-23 00:00:00,1300,,SV6002000000002052,
1000123000002053,Ho,MANAGER,1000133000002053,1981-06-09 00:00:00,2450,,SV6002000000002053,
1000133000002053,Aqs,PRESIDENT,,1981-11-17 00:00:00,5000,,SV6002000000002053,
1000143000002053,Ogj,CLERK,1000123000002053,1982-01-23 00:00:00,1300,,SV6002000000002053,
1000123000002054,Xcp,MANAGER,1000133000002054,1981-06-09 00:00:00,2450,,SV6002000000002054,
1000133000002054,Nwg,PRESIDENT,,1981-11-17 00:00:00,5000,,SV6002000000002054,
1000143000002054,Qe,CLERK,1000123000002054,1982-01-23 00:00:00,1300,,SV6002000000002054,
1000123000002056,Jyh,MANAGER,1000133000002056,1981-06-09 00:00:00,2450,,SV6002000000002056,
1000133000002056,Ey,PRESIDENT,,1981-11-17 00:00:00,5000,,SV6002000000002056,
1000143000002056,Qq,CLERK,1000123000002056,1982-01-23 00:00:00,1300,,SV6002000000002056,
1000123000002057,Qyf,MANAGER,1000133000002057,1981-06-09 00:00:00,2450,,SV6002000000002057,
1000133000002057,Mt,PRESIDENT,,1981-11-17 00:00:00,5000,,SV6002000000002057,
1000143000002057,Bd,CLERK,1000123000002057,1982-01-23 00:00:00,1300,,SV6002000000002057,
1000123000002066,Mha,MANAGER,1000133000002066,1981-06-09 00:00:00,2450,,SV6002000000002066,
1000133000002066,Uf,PRESIDENT,,1981-11-17 00:00:00,5000,,SV6002000000002066,
1000143000002066,Pb,CLERK,1000123000002066,1982-01-23 00:00:00,1300,,SV6002000000002066,
1000123000002068,Zlp,MANAGER,1000133000002068,1981-06-09 00:00:00,2450,,SV6002000000002068,
1000133000002068,Ht,PRESIDENT,,1981-11-17 00:00:00,5000,,SV6002000000002068,
1000143000002068,Kjx,CLERK,1000123000002068,1982-01-23 00:00:00,1300,,SV6002000000002068,
1000123000002069,Lc,MANAGER,1000133000002069,1981-06-09 00:00:00,2450,,SV6002000000002069,
1000133000002069,Jy,PRESIDENT,,1981-11-17 00:00:00,5000,,SV6002000000002069,
1000143000002069,Nws,CLERK,1000123000002069,1982-01-23 00:00:00,1300,,SV6002000000002069,
1000123000002070,Yi,MANAGER,1000133000002070,1981-06-09 00:00:00,2450,,SV6002000000002070,
1000133000002070,Lt,PRESIDENT,,1981-11-17 00:00:00,5000,,SV6002000000002070,
1000143000002070,Yb,CLERK,1000123000002070,1982-01-23 00:00:00,1300,,SV6002000000002070,
1000123000002071,Yqs,MANAGER,1000133000002071,1981-06-09 00:00:00,2450,,SV6002000000002071,
1000133000002071,Uqr,PRESIDENT,,1981-11-17 00:00:00,5000,,SV6002000000002071,
1000143000002071,Wmf,CLERK,1000123000002071,1982-01-23 00:00:00,1300,,SV6002000000002071,
1000123000002073,Dqk,MANAGER,1000133000002073,1981-06-09 00:00:00,2450,,SV6002000000002073,
1000133000002073,Jd,PRESIDENT,,1981-11-17 00:00:00,5000,,SV6002000000002073,
1000143000002073,Ziq,CLERK,1000123000002073,1982-01-23 00:00:00,1300,,SV6002000000002073,
1000123000002075,Lb,MANAGER,1000133000002075,1981-06-09 00:00:00,2450,,SV6002000000002075,
1000133000002075,Oy,PRESIDENT,,1981-11-17 00:00:00,5000,,SV6002000000002075,
1000143000002075,Imv,CLERK,1000123000002075,1982-01-23 00:00:00,1300,,SV6002000000002075,
1000123000002078,Izu,MANAGER,1000133000002078,1981-06-09 00:00:00,2450,,SV6002000000002078,
1000133000002078,Jqr,PRESIDENT,,1981-11-17 00:00:00,5000,,SV6002000000002078,
1000143000002078,Glg,CLERK,1000123000002078,1982-01-23 00:00:00,1300,,SV6002000000002078,
1000123000002079,Mn,MANAGER,1000133000002079,1981-06-09 00:00:00,2450,,SV6002000000002079,
1000133000002079,Guv,PRESIDENT,,1981-11-17 00:00:00,5000,,SV6002000000002079,
1000143000002079,Kr,CLERK,1000123000002079,1982-01-23 00:00:00,1300,,SV6002000000002079,
1000123000002080,Zuw,MANAGER,1000133000002080,1981-06-09 00:00:00,2450,,SV6002000000002080,
1000133000002080,Rk,PRESIDENT,,1981-11-17 00:00:00,5000,,SV6002000000002080,
1000143000002080,Ez,CLERK,1000123000002080,1982-01-23 00:00:00,1300,,SV6002000000002080,
1000123000002081,Ji,MANAGER,1000133000002081,1981-06-09 00:00:00,2450,,SV6002000000002081,
1000133000002081,Pjd,PRESIDENT,,1981-11-17 00:00:00,5000,,SV6002000000002081,
1000143000002081,Kwi,CLERK,1000123000002081,1982-01-23 00:00:00,1300,,SV6002000000002081,
1000123000002083,Dl,MANAGER,1000133000002083,1981-06-09 00:00:00,2450,,SV6002000000002083,
1000133000002083,Cf,PRESIDENT,,1981-11-17 00:00:00,5000,,SV6002000000002083,
1000143000002083,Ddo,CLERK,1000123000002083,1982-01-23 00:00:00,1300,,SV6002000000002083,
1000123000002090,Os,MANAGER,1000133000002090,1981-06-09 00:00:00,2450,,SV6002000000002090,
1000133000002090,Dvv,PRESIDENT,,1981-11-17 00:00:00,5000,,SV6002000000002090,
1000143000002090,Rn,CLERK,1000123000002090,1982-01-23 00:00:00,1300,,SV6002000000002090,
1000123000002092,Dl,MANAGER,1000133000002092,1981-06-09 00:00:00,2450,,SV6002000000002092,
1000133000002092,Sqg,PRESIDENT,,1981-11-17 00:00:00,5000,,SV6002000000002092,
1000143000002092,Bmc,CLERK,1000123000002092,1982-01-23 00:00:00,1300,,SV6002000000002092,
1000123000002094,Aq,MANAGER,1000133000002094,1981-06-09 00:00:00,2450,,SV6002000000002094,
1000133000002094,Vn,PRESIDENT,,1981-11-17 00:00:00,5000,,SV6002000000002094,
1000143000002094,Ojm,CLERK,1000123000002094,1982-01-23 00:00:00,1300,,SV6002000000002094,
1000123000002095,Ax,MANAGER,1000133000002095,1981-06-09 00:00:00,2450,,SV6002000000002095,
1000133000002095,Ac,PRESIDENT,,1981-11-17 00:00:00,5000,,SV6002000000002095,
1000143000002095,Ap,CLERK,1000123000002095,1982-01-23 00:00:00,1300,,SV6002000000002095,
